<?xml version="1.0" encoding="UTF-8"?>
<!-- Generated by org.testng.reporters.JUnitReportReporter -->
<testsuite skipped="0" hostname="INDHYDELP029" name="com.demo.dp.Dataprovider" tests="1" failures="0" timestamp="31 May 2018 12:45:25 GMT" time="0.009" errors="0">
  <testcase name="myData" time="0.009" classname="com.demo.dp.Dataprovider"/>
</testsuite> <!-- com.demo.dp.Dataprovider -->
