<?xml version="1.0" encoding="UTF-8"?>
<!-- Generated by org.testng.reporters.JUnitReportReporter -->
<testsuite skipped="0" hostname="INDHYDELP029" name="com.demo.tests.LoginTest" tests="4" failures="0" timestamp="04 Jul 2018 08:08:53 GMT" time="71.961" errors="0">
  <testcase name="createLogin2" time="22.419" classname="com.demo.tests.LoginTest"/>
  <testcase name="createLogin2" time="13.520" classname="com.demo.tests.LoginTest"/>
  <testcase name="createLogin1" time="25.435" classname="com.demo.tests.LoginTest"/>
  <testcase name="createLogin1" time="10.587" classname="com.demo.tests.LoginTest"/>
</testsuite> <!-- com.demo.tests.LoginTest -->
