<?xml version="1.0" encoding="UTF-8"?>
<!-- Generated by org.testng.reporters.JUnitReportReporter -->
<testsuite skipped="0" hostname="INDHYDELP029" name="com.demo.applicationDatabin.Test1" tests="1" failures="0" timestamp="16 Jul 2018 10:48:43 GMT" time="1.074" errors="0">
  <testcase name="updateResult" time="1.074" classname="com.demo.applicationDatabin.Test1"/>
</testsuite> <!-- com.demo.applicationDatabin.Test1 -->
