<?xml version="1.0" encoding="UTF-8"?>
<!-- Generated by org.testng.reporters.JUnitReportReporter -->
<testsuite skipped="0" hostname="INDHYDELP029" name="com.demo.dp.DataproviderGit" tests="1" failures="0" timestamp="09 Jun 2018 03:11:18 GMT" time="0.026" errors="0">
  <testcase name="myData" time="0.026" classname="com.demo.dp.DataproviderGit"/>
</testsuite> <!-- com.demo.dp.DataproviderGit -->
