<?xml version="1.0" encoding="UTF-8"?>
<!-- Generated by org.testng.reporters.JUnitReportReporter -->
<testsuite skipped="0" hostname="INDHYDELP029" name="com.demo.tests.CreateAndVerifyLogin" tests="3" failures="0" timestamp="24 Jul 2018 12:25:12 GMT" time="102.018" errors="0">
  <testcase name="createLogin3" time="28.214" classname="com.demo.tests.CreateAndVerifyLogin"/>
  <testcase name="createLogin2" time="27.630" classname="com.demo.tests.CreateAndVerifyLogin"/>
  <testcase name="createLogin1" time="46.174" classname="com.demo.tests.CreateAndVerifyLogin"/>
</testsuite> <!-- com.demo.tests.CreateAndVerifyLogin -->
