<?xml version="1.0" encoding="UTF-8"?>
<!-- Generated by org.testng.reporters.JUnitReportReporter -->
<testsuite skipped="0" hostname="INDHYDELP029" name="com.demo.tests.CreateAndVerifyTicketBooking" tests="1" failures="0" timestamp="06 Jul 2018 05:44:26 GMT" time="0.000" errors="1">
  <testcase name="createLogin2" time="0.000" classname="com.demo.tests.CreateAndVerifyTicketBooking">
    <error type="org.testng.TestNGException" message="
Data Provider public java.util.Iterator com.demo.tests.CreateAndVerifyTicketBooking.dp002() returned a null value">
      <![CDATA[org.testng.TestNGException: 
Data Provider public java.util.Iterator com.demo.tests.CreateAndVerifyTicketBooking.dp002() returned a null value
at org.testng.internal.MethodInvocationHelper.invokeDataProvider(MethodInvocationHelper.java:133)
at org.testng.internal.Parameters.handleParameters(Parameters.java:706)
at org.testng.internal.ParameterHandler.handleParameters(ParameterHandler.java:49)
at org.testng.internal.ParameterHandler.createParameters(ParameterHandler.java:37)
at org.testng.internal.Invoker.invokeTestMethods(Invoker.java:924)
at org.testng.internal.TestMethodWorker.invokeTestMethods(TestMethodWorker.java:125)
at org.testng.internal.TestMethodWorker.run(TestMethodWorker.java:109)
at java.util.concurrent.ThreadPoolExecutor.runWorker(Unknown Source)
at java.util.concurrent.ThreadPoolExecutor$Worker.run(Unknown Source)
at java.lang.Thread.run(Unknown Source)
]]>
    </error>
  </testcase> <!-- createLogin2 -->
</testsuite> <!-- com.demo.tests.CreateAndVerifyTicketBooking -->
