<?xml version="1.0" encoding="UTF-8"?>
<!-- Generated by org.testng.reporters.JUnitReportReporter -->
<testsuite skipped="0" hostname="INDHYDELP029" name="com.demo.core.HibernateConnection" tests="1" failures="0" timestamp="05 Jun 2018 11:27:30 GMT" time="1.434" errors="0">
  <testcase name="generateTestManagerDBSessions" time="1.434" classname="com.demo.core.HibernateConnection"/>
</testsuite> <!-- com.demo.core.HibernateConnection -->
