<?xml version="1.0" encoding="UTF-8"?>
<!-- Generated by org.testng.reporters.JUnitReportReporter -->
<testsuite skipped="0" hostname="INDHYDELP029" name="com.demo.tests.LoginTest2" tests="1" failures="0" timestamp="29 Jun 2018 11:11:45 GMT" time="16.625" errors="0">
  <testcase name="test2" time="16.625" classname="com.demo.tests.LoginTest2"/>
</testsuite> <!-- com.demo.tests.LoginTest2 -->
