<?xml version="1.0" encoding="UTF-8"?>
<!-- Generated by org.testng.reporters.JUnitReportReporter -->
<testsuite skipped="0" hostname="INDHYDELP029" name="com.demo.excelReport.ExcelReportGenerator" tests="1" failures="0" timestamp="06 Jul 2018 05:24:53 GMT" time="2.021" errors="0">
  <testcase name="excelReportGen" time="2.021" classname="com.demo.excelReport.ExcelReportGenerator"/>
</testsuite> <!-- com.demo.excelReport.ExcelReportGenerator -->
